<?xml version="1.0" encoding="UTF-8"?>
<testsuite xmlns:xsi="http://www.w3.org/2001/XMLSchema-instance" xsi:noNamespaceSchemaLocation="https://maven.apache.org/surefire/maven-surefire-plugin/xsd/surefire-test-report-3.0.xsd" version="3.0" name="com.nisum.ecommerce.EcommerceProductApplicationTests" time="3.275" tests="1" errors="0" skipped="0" failures="0">
  <properties>
[...]
</properties>
  <testcase name="contextLoads" classname="com.nisum.ecommerce.EcommerceProductApplicationTests" time="0.332">
    <system-out><![CDATA[22:50:23.201 [main] INFO org.springframework.test.context.support.AnnotationConfigContextLoaderUtils -- Could not detect default configuration classes for test class [com.nisum.ecommerce.EcommerceProductApplicationTests]: EcommerceProductApplicationTests does not declare any static, non-private, non-final, nested classes annotated with @Configuration.
22:50:23.253 [main] INFO org.springframework.boot.test.context.SpringBootTestContextBootstrapper -- Found @SpringBootConfiguration com.nisum.ecommerce.EcommerceProductApplication for test class com.nisum.ecommerce.EcommerceProductApplicationTests

  .   ____          _            __ _ _
 /\\ / ___'_ __ _ _(_)_ __  __ _ \ \ \ \
( ( )\___ | '_ | '_| | '_ \/ _` | \ \ \ \
 \\/  ___)| |_)| | | | | || (_| |  ) ) ) )
  '  |____| .__|_| |_|_| |_\__, | / / / /
 =========|_|==============|___/=/_/_/_/

 :: Spring Boot ::                (v3.3.2)

2026-08-04T22:50:23.504+05:30  INFO 55446 --- [ecommerce-product-service] [           main] c.n.e.EcommerceProductApplicationTests   : Starting EcommerceProductApplicationTests using Java 26.0.1 with PID 55446 (started by rajasekharmolleti in /Users/rajasekharmolleti/Java_Python_project/java_practice/MicroServices_example/ecommerce-product-service)
2026-08-04T22:50:23.505+05:30  INFO 55446 --- [ecommerce-product-service] [           main] c.n.e.EcommerceProductApplicationTests   : No active profile set, falling back to 1 default profile: "default"
2026-08-04T22:50:24.104+05:30  INFO 55446 --- [ecommerce-product-service] [           main] .s.d.r.c.RepositoryConfigurationDelegate : Bootstrapping Spring Data MongoDB repositories in DEFAULT mode.
2026-08-04T22:50:24.131+05:30  INFO 55446 --- [ecommerce-product-service] [           main] .s.d.r.c.RepositoryConfigurationDelegate : Finished Spring Data repository scanning in 24 ms. Found 2 MongoDB repository interfaces.
2026-08-04T22:50:24.257+05:30  WARN 55446 --- [ecommerce-product-service] [           main] trationDelegate$BeanPostProcessorChecker : Bean 'de.flapdoodle.embed.mongo.spring.autoconfigure.EmbeddedMongoAutoConfiguration' of type [de.flapdoodle.embed.mongo.spring.autoconfigure.EmbeddedMongoAutoConfiguration] is not eligible for getting processed by all BeanPostProcessors (for example: not eligible for auto-proxying). The currently created BeanPostProcessor [fixTransactionAndAuth] is declared through a non-static factory method on that class; consider declaring it as static instead.
2026-08-04T22:50:24.264+05:30  WARN 55446 --- [ecommerce-product-service] [           main] trationDelegate$BeanPostProcessorChecker : Bean 'de.flapdoodle.mongodb.embedded-de.flapdoodle.embed.mongo.spring.autoconfigure.EmbeddedMongoProperties' of type [de.flapdoodle.embed.mongo.spring.autoconfigure.EmbeddedMongoProperties] is not eligible for getting processed by all BeanPostProcessors (for example: not eligible for auto-proxying). Is this bean getting eagerly injected into a currently created BeanPostProcessor [fixTransactionAndAuth]? Check the corresponding BeanPostProcessor declaration and its dependencies.
2026-08-04T22:50:24.291+05:30  WARN 55446 --- [ecommerce-product-service] [           main] trationDelegate$BeanPostProcessorChecker : Bean 'net' of type [de.flapdoodle.embed.mongo.config.ImmutableNet] is not eligible for getting processed by all BeanPostProcessors (for example: not eligible for auto-proxying). Is this bean getting eagerly injected into a currently created BeanPostProcessor [fixTransactionAndAuth]? Check the corresponding BeanPostProcessor declaration and its dependencies.
2026-08-04T22:50:24.295+05:30  WARN 55446 --- [ecommerce-product-service] [           main] trationDelegate$BeanPostProcessorChecker : Bean 'spring.data.mongodb-org.springframework.boot.autoconfigure.mongo.MongoProperties' of type [org.springframework.boot.autoconfigure.mongo.MongoProperties] is not eligible for getting processed by all BeanPostProcessors (for example: not eligible for auto-proxying). Is this bean getting eagerly injected into a currently created BeanPostProcessor [fixTransactionAndAuth]? Check the corresponding BeanPostProcessor declaration and its dependencies.
2026-08-04T22:50:24.368+05:30  INFO 55446 --- [ecommerce-product-service] [           main] d.f.e.m.s.a.SyncClientServerFactory      : sync server factory
2026-08-04T22:50:25.033+05:30  INFO 55446 --- [ecommerce-product-service] [       Thread-2] d.f.e.m.s.autoconfigure.EmbeddedMongo    : {"t":{"$date":"2026-08-04T22:50:25.032+05:30"},"s":"I",  "c":"CONTROL",  "id":23285,   "ctx":"thread1","msg":"Automatically disabling TLS 1.0, to force-enable TLS 1.0 specify --sslDisabledProtocols 'none'"}
2026-08-04T22:50:25.035+05:30  INFO 55446 --- [ecommerce-product-service] [       Thread-2] d.f.e.m.s.autoconfigure.EmbeddedMongo    : {"t":{"$date":"2026-08-04T22:50:25.034+05:30"},"s":"I",  "c":"NETWORK",  "id":4915701, "ctx":"thread1","msg":"Initialized wire specification","attr":{"spec":{"incomingExternalClient":{"minWireVersion":0,"maxWireVersion":21},"incomingInternalClient":{"minWireVersion":0,"maxWireVersion":21},"outgoing":{"minWireVersion":6,"maxWireVersion":21},"isInternalClient":true}}}
2026-08-04T22:50:25.040+05:30  INFO 55446 --- [ecommerce-product-service] [       Thread-2] d.f.e.m.s.autoconfigure.EmbeddedMongo    : {"t":{"$date":"2026-08-04T22:50:25.040+05:30"},"s":"I",  "c":"NETWORK",  "id":4648602, "ctx":"thread1","msg":"Implicit TCP FastOpen in use."}
2026-08-04T22:50:25.052+05:30  INFO 55446 --- [ecommerce-product-service] [       Thread-2] d.f.e.m.s.autoconfigure.EmbeddedMongo    : {"t":{"$date":"2026-08-04T22:50:25.051+05:30"},"s":"I",  "c":"REPL",     "id":5123008, "ctx":"thread1","msg":"Successfully registered PrimaryOnlyService","attr":{"service":"TenantMigrationDonorService","namespace":"config.tenantMigrationDonors"}}
2026-08-04T22:50:25.053+05:30  INFO 55446 --- [ecommerce-product-service] [       Thread-2] d.f.e.m.s.autoconfigure.EmbeddedMongo    : {"t":{"$date":"2026-08-04T22:50:25.053+05:30"},"s":"I",  "c":"REPL",     "id":5123008, "ctx":"thread1","msg":"Successfully registered PrimaryOnlyService","attr":{"service":"TenantMigrationRecipientService","namespace":"config.tenantMigrationRecipients"}}
2026-08-04T22:50:25.053+05:30  INFO 55446 --- [ecommerce-product-service] [       Thread-2] d.f.e.m.s.autoconfigure.EmbeddedMongo    : {"t":{"$date":"2026-08-04T22:50:25.053+05:30"},"s":"I",  "c":"CONTROL",  "id":5945603, "ctx":"thread1","msg":"Multi threading initialized"}
2026-08-04T22:50:25.053+05:30  INFO 55446 --- [ecommerce-product-service] [       Thread-2] d.f.e.m.s.autoconfigure.EmbeddedMongo    : {"t":{"$date":"2026-08-04T22:50:25.053+05:30"},"s":"I",  "c":"TENANT_M", "id":7091600, "ctx":"thread1","msg":"Starting TenantMigrationAccessBlockerRegistry"}
2026-08-04T22:50:25.054+05:30  INFO 55446 --- [ecommerce-product-service] [       Thread-2] d.f.e.m.s.autoconfigure.EmbeddedMongo    : {"t":{"$date":"2026-08-04T22:50:25.054+05:30"},"s":"I",  "c":"CONTROL",  "id":4615611, "ctx":"initandlisten","msg":"MongoDB starting","attr":{"pid":55481,"port":55235,"dbPath":"/var/folders/wn/fdlgldjn48s02bvwylz55q5h0000gn/T/temp--80118cbc-3072-4d0b-a0ec-6f9aa2d62e0c/mongod-database6772336095480800319","architecture":"64-bit","host":"rajasekhars-MacBook-Air.local"}}
2026-08-04T22:50:25.054+05:30  INFO 55446 --- [ecommerce-product-service] [       Thread-2] d.f.e.m.s.autoconfigure.EmbeddedMongo    : {"t":{"$date":"2026-08-04T22:50:25.054+05:30"},"s":"I",  "c":"CONTROL",  "id":23403,   "ctx":"initandlisten","msg":"Build Info","attr":{"buildInfo":{"version":"7.0.4","gitVersion":"38f3e37057a43d2e9f41a39142681a76062d582e","modules":[],"allocator":"system","environment":{"distarch":"aarch64","target_arch":"aarch64"}}}}
2026-08-04T22:50:25.054+05:30  INFO 55446 --- [ecommerce-product-service] [       Thread-2] d.f.e.m.s.autoconfigure.EmbeddedMongo    : {"t":{"$date":"2026-08-04T22:50:25.054+05:30"},"s":"I",  "c":"CONTROL",  "id":51765,   "ctx":"initandlisten","msg":"Operating System","attr":{"os":{"name":"Mac OS X","version":"23.5.0"}}}
2026-08-04T22:50:25.055+05:30  INFO 55446 --- [ecommerce-product-service] [       Thread-2] d.f.e.m.s.autoconfigure.EmbeddedMongo    : {"t":{"$date":"2026-08-04T22:50:25.054+05:30"},"s":"I",  "c":"CONTROL",  "id":21951,   "ctx":"initandlisten","msg":"Options set by command line","attr":{"options":{"net":{"bindIp":"127.0.0.1","port":55235},"security":{"authorization":"disabled"},"storage":{"dbPath":"/var/folders/wn/fdlgldjn48s02bvwylz55q5h0000gn/T/temp--80118cbc-3072-4d0b-a0ec-6f9aa2d62e0c/mongod-database6772336095480800319","syncPeriodSecs":0}}}}
2026-08-04T22:50:25.061+05:30  INFO 55446 --- [ecommerce-product-service] [       Thread-2] d.f.e.m.s.autoconfigure.EmbeddedMongo    : {"t":{"$date":"2026-08-04T22:50:25.061+05:30"},"s":"I",  "c":"NETWORK",  "id":5693100, "ctx":"initandlisten","msg":"Asio socket.set_option failed with std::system_error","attr":{"note":"acceptor TCP fast open","option":{"level":6,"name":261,"data":"00 04 00 00"},"error":{"what":"set_option: Invalid argument","message":"Invalid argument","category":"asio.system","value":22}}}
2026-08-04T22:50:25.063+05:30  INFO 55446 --- [ecommerce-product-service] [       Thread-2] d.f.e.m.s.autoconfigure.EmbeddedMongo    : {"t":{"$date":"2026-08-04T22:50:25.063+05:30"},"s":"I",  "c":"STORAGE",  "id":22315,   "ctx":"initandlisten","msg":"Opening WiredTiger","attr":{"config":"create,cache_size=3584M,session_max=33000,eviction=(threads_min=4,threads_max=4),config_base=false,statistics=(fast),log=(enabled=true,remove=true,path=journal,compressor=snappy),builtin_extension_config=(zstd=(compression_level=6)),file_manager=(close_idle_time=600,close_scan_interval=10,close_handle_minimum=2000),statistics_log=(wait=0),json_output=(error,message),verbose=[recovery_progress:1,checkpoint_progress:1,compact_progress:1,backup:0,checkpoint:0,compact:0,evict:0,history_store:0,recovery:0,rts:0,salvage:0,tiered:0,timestamp:0,transaction:0,verify:0,log:0],"}}
2026-08-04T22:50:25.216+05:30  INFO 55446 --- [ecommerce-product-service] [       Thread-2] d.f.e.m.s.autoconfigure.EmbeddedMongo    : {"t":{"$date":"2026-08-04T22:50:25.216+05:30"},"s":"I",  "c":"STORAGE",  "id":4795906, "ctx":"initandlisten","msg":"WiredTiger opened","attr":{"durationMillis":153}}
2026-08-04T22:50:25.216+05:30  INFO 55446 --- [ecommerce-product-service] [       Thread-2] d.f.e.m.s.autoconfigure.EmbeddedMongo    : {"t":{"$date":"2026-08-04T22:50:25.216+05:30"},"s":"I",  "c":"RECOVERY", "id":23987,   "ctx":"initandlisten","msg":"WiredTiger recoveryTimestamp","attr":{"recoveryTimestamp":{"$timestamp":{"t":0,"i":0}}}}
2026-08-04T22:50:25.251+05:30  INFO 55446 --- [ecommerce-product-service] [       Thread-2] d.f.e.m.s.autoconfigure.EmbeddedMongo    : {"t":{"$date":"2026-08-04T22:50:25.251+05:30"},"s":"I",  "c":"STORAGE",  "id":20320,   "ctx":"initandlisten","msg":"createCollection","attr":{"namespace":"admin.system.version","uuidDisposition":"provided","uuid":{"uuid":{"$uuid":"77e42558-4be2-4b43-bdc8-23d2ff23fba7"}},"options":{"uuid":{"$uuid":"77e42558-4be2-4b43-bdc8-23d2ff23fba7"}}}}
2026-08-04T22:50:25.271+05:30  INFO 55446 --- [ecommerce-product-service] [       Thread-2] d.f.e.m.s.autoconfigure.EmbeddedMongo    : {"t":{"$date":"2026-08-04T22:50:25.271+05:30"},"s":"I",  "c":"INDEX",    "id":20345,   "ctx":"initandlisten","msg":"Index build: done building","attr":{"buildUUID":null,"collectionUUID":{"uuid":{"$uuid":"77e42558-4be2-4b43-bdc8-23d2ff23fba7"}},"namespace":"admin.system.version","index":"_id_","ident":"index-1-8719311288445492985","collectionIdent":"collection-0-8719311288445492985","commitTimestamp":null}}
2026-08-04T22:50:25.272+05:30  INFO 55446 --- [ecommerce-product-service] [       Thread-2] d.f.e.m.s.autoconfigure.EmbeddedMongo    : {"t":{"$date":"2026-08-04T22:50:25.272+05:30"},"s":"I",  "c":"REPL",     "id":20459,   "ctx":"initandlisten","msg":"Setting featureCompatibilityVersion","attr":{"newVersion":"7.0"}}
2026-08-04T22:50:25.273+05:30  INFO 55446 --- [ecommerce-product-service] [       Thread-2] d.f.e.m.s.autoconfigure.EmbeddedMongo    : {"t":{"$date":"2026-08-04T22:50:25.272+05:30"},"s":"I",  "c":"REPL",     "id":5853300, "ctx":"initandlisten","msg":"current featureCompatibilityVersion value","attr":{"featureCompatibilityVersion":"7.0","context":"setFCV"}}
2026-08-04T22:50:25.273+05:30  INFO 55446 --- [ecommerce-product-service] [       Thread-2] d.f.e.m.s.autoconfigure.EmbeddedMongo    : {"t":{"$date":"2026-08-04T22:50:25.272+05:30"},"s":"I",  "c":"NETWORK",  "id":4915702, "ctx":"initandlisten","msg":"Updated wire specification","attr":{"oldSpec":{"incomingExternalClient":{"minWireVersion":0,"maxWireVersion":21},"incomingInternalClient":{"minWireVersion":0,"maxWireVersion":21},"outgoing":{"minWireVersion":6,"maxWireVersion":21},"isInternalClient":true},"newSpec":{"incomingExternalClient":{"minWireVersion":0,"maxWireVersion":21},"incomingInternalClient":{"minWireVersion":21,"maxWireVersion":21},"outgoing":{"minWireVersion":21,"maxWireVersion":21},"isInternalClient":true}}}
2026-08-04T22:50:25.274+05:30  INFO 55446 --- [ecommerce-product-service] [       Thread-2] d.f.e.m.s.autoconfigure.EmbeddedMongo    : {"t":{"$date":"2026-08-04T22:50:25.273+05:30"},"s":"I",  "c":"NETWORK",  "id":4915702, "ctx":"initandlisten","msg":"Updated wire specification","attr":{"oldSpec":{"incomingExternalClient":{"minWireVersion":0,"maxWireVersion":21},"incomingInternalClient":{"minWireVersion":21,"maxWireVersion":21},"outgoing":{"minWireVersion":21,"maxWireVersion":21},"isInternalClient":true},"newSpec":{"incomingExternalClient":{"minWireVersion":0,"maxWireVersion":21},"incomingInternalClient":{"minWireVersion":21,"maxWireVersion":21},"outgoing":{"minWireVersion":21,"maxWireVersion":21},"isInternalClient":true}}}
2026-08-04T22:50:25.274+05:30  INFO 55446 --- [ecommerce-product-service] [       Thread-2] d.f.e.m.s.autoconfigure.EmbeddedMongo    : {"t":{"$date":"2026-08-04T22:50:25.273+05:30"},"s":"I",  "c":"REPL",     "id":5853300, "ctx":"initandlisten","msg":"current featureCompatibilityVersion value","attr":{"featureCompatibilityVersion":"7.0","context":"startup"}}
2026-08-04T22:50:25.274+05:30  INFO 55446 --- [ecommerce-product-service] [       Thread-2] d.f.e.m.s.autoconfigure.EmbeddedMongo    : {"t":{"$date":"2026-08-04T22:50:25.274+05:30"},"s":"I",  "c":"STORAGE",  "id":5071100, "ctx":"initandlisten","msg":"Clearing temp directory"}
2026-08-04T22:50:25.275+05:30  INFO 55446 --- [ecommerce-product-service] [       Thread-2] d.f.e.m.s.autoconfigure.EmbeddedMongo    : {"t":{"$date":"2026-08-04T22:50:25.275+05:30"},"s":"I",  "c":"CONTROL",  "id":6608200, "ctx":"initandlisten","msg":"Initializing cluster server parameters from disk"}
2026-08-04T22:50:25.276+05:30  INFO 55446 --- [ecommerce-product-service] [       Thread-2] d.f.e.m.s.autoconfigure.EmbeddedMongo    : {"t":{"$date":"2026-08-04T22:50:25.275+05:30"},"s":"I",  "c":"CONTROL",  "id":20536,   "ctx":"initandlisten","msg":"Flow Control is enabled on this deployment"}
2026-08-04T22:50:25.276+05:30  INFO 55446 --- [ecommerce-product-service] [       Thread-2] d.f.e.m.s.autoconfigure.EmbeddedMongo    : {"t":{"$date":"2026-08-04T22:50:25.275+05:30"},"s":"I",  "c":"FTDC",     "id":20625,   "ctx":"initandlisten","msg":"Initializing full-time diagnostic data capture","attr":{"dataDirectory":"/var/folders/wn/fdlgldjn48s02bvwylz55q5h0000gn/T/temp--80118cbc-3072-4d0b-a0ec-6f9aa2d62e0c/mongod-database6772336095480800319/diagnostic.data"}}
2026-08-04T22:50:25.289+05:30  INFO 55446 --- [ecommerce-product-service] [       Thread-2] d.f.e.m.s.autoconfigure.EmbeddedMongo    : {"t":{"$date":"2026-08-04T22:50:25.289+05:30"},"s":"I",  "c":"STORAGE",  "id":20320,   "ctx":"initandlisten","msg":"createCollection","attr":{"namespace":"local.startup_log","uuidDisposition":"generated","uuid":{"uuid":{"$uuid":"926ed2db-7f16-44b4-9a08-c1cc5214b70c"}},"options":{"capped":true,"size":10485760}}}
2026-08-04T22:50:25.346+05:30  INFO 55446 --- [ecommerce-product-service] [       Thread-2] d.f.e.m.s.autoconfigure.EmbeddedMongo    : {"t":{"$date":"2026-08-04T22:50:25.345+05:30"},"s":"I",  "c":"INDEX",    "id":20345,   "ctx":"initandlisten","msg":"Index build: done building","attr":{"buildUUID":null,"collectionUUID":{"uuid":{"$uuid":"926ed2db-7f16-44b4-9a08-c1cc5214b70c"}},"namespace":"local.startup_log","index":"_id_","ident":"index-3-8719311288445492985","collectionIdent":"collection-2-8719311288445492985","commitTimestamp":null}}
2026-08-04T22:50:25.346+05:30  INFO 55446 --- [ecommerce-product-service] [       Thread-2] d.f.e.m.s.autoconfigure.EmbeddedMongo    : {"t":{"$date":"2026-08-04T22:50:25.345+05:30"},"s":"I",  "c":"REPL",     "id":6015317, "ctx":"initandlisten","msg":"Setting new configuration state","attr":{"newState":"ConfigReplicationDisabled","oldState":"ConfigPreStart"}}
2026-08-04T22:50:25.346+05:30  INFO 55446 --- [ecommerce-product-service] [       Thread-2] d.f.e.m.s.autoconfigure.EmbeddedMongo    : {"t":{"$date":"2026-08-04T22:50:25.346+05:30"},"s":"I",  "c":"STORAGE",  "id":22262,   "ctx":"initandlisten","msg":"Timestamp monitor starting"}
2026-08-04T22:50:25.346+05:30  INFO 55446 --- [ecommerce-product-service] [       Thread-2] d.f.e.m.s.autoconfigure.EmbeddedMongo    : {"t":{"$date":"2026-08-04T22:50:25.346+05:30"},"s":"I",  "c":"NETWORK",  "id":23015,   "ctx":"listener","msg":"Listening on","attr":{"address":"/tmp/mongodb-55235.sock"}}
2026-08-04T22:50:25.346+05:30  INFO 55446 --- [ecommerce-product-service] [       Thread-2] d.f.e.m.s.autoconfigure.EmbeddedMongo    : {"t":{"$date":"2026-08-04T22:50:25.346+05:30"},"s":"I",  "c":"NETWORK",  "id":23015,   "ctx":"listener","msg":"Listening on","attr":{"address":"127.0.0.1"}}
2026-08-04T22:50:25.346+05:30  INFO 55446 --- [ecommerce-product-service] [       Thread-2] d.f.e.m.s.autoconfigure.EmbeddedMongo    : {"t":{"$date":"2026-08-04T22:50:25.346+05:30"},"s":"I",  "c":"NETWORK",  "id":23016,   "ctx":"listener","msg":"Waiting for connections","attr":{"port":55235,"ssl":"off"}}
2026-08-04T22:50:25.350+05:30  INFO 55446 --- [ecommerce-product-service] [       Thread-2] d.f.e.m.s.autoconfigure.EmbeddedMongo    : {"t":{"$date":"2026-08-04T22:50:25.350+05:30"},"s":"I",  "c":"STORAGE",  "id":20320,   "ctx":"LogicalSessionCacheRefresh","msg":"createCollection","attr":{"namespace":"config.system.sessions","uuidDisposition":"generated","uuid":{"uuid":{"$uuid":"0b8068f4-0f5f-44cd-aa3c-7d80d9565651"}},"options":{}}}
2026-08-04T22:50:25.351+05:30  INFO 55446 --- [ecommerce-product-service] [       Thread-2] d.f.e.m.s.autoconfigure.EmbeddedMongo    : {"t":{"$date":"2026-08-04T22:50:25.351+05:30"},"s":"I",  "c":"CONTROL",  "id":20712,   "ctx":"LogicalSessionCacheReap","msg":"Sessions collection is not set up; waiting until next sessions reap interval","attr":{"error":"NamespaceNotFound: config.system.sessions does not exist"}}
2026-08-04T22:50:25.367+05:30  INFO 55446 --- [ecommerce-product-service] [       Thread-2] d.f.e.m.s.autoconfigure.EmbeddedMongo    : {"t":{"$date":"2026-08-04T22:50:25.366+05:30"},"s":"I",  "c":"REPL",     "id":7360102, "ctx":"LogicalSessionCacheRefresh","msg":"Added oplog entry for create to transaction","attr":{"namespace":"config.$cmd","uuid":{"uuid":{"$uuid":"0b8068f4-0f5f-44cd-aa3c-7d80d9565651"}},"object":{"create":"system.sessions","idIndex":{"v":2,"key":{"_id":1},"name":"_id_"}}}}
2026-08-04T22:50:25.367+05:30  INFO 55446 --- [ecommerce-product-service] [       Thread-2] d.f.e.m.s.autoconfigure.EmbeddedMongo    : {"t":{"$date":"2026-08-04T22:50:25.367+05:30"},"s":"I",  "c":"REPL",     "id":7360100, "ctx":"LogicalSessionCacheRefresh","msg":"Added oplog entry for createIndexes to transaction","attr":{"namespace":"config.$cmd","uuid":{"uuid":{"$uuid":"0b8068f4-0f5f-44cd-aa3c-7d80d9565651"}},"object":{"createIndexes":"system.sessions","v":2,"key":{"lastUse":1},"name":"lsidTTLIndex","expireAfterSeconds":1800}}}
2026-08-04T22:50:25.375+05:30  INFO 55446 --- [ecommerce-product-service] [       Thread-2] d.f.e.m.s.autoconfigure.EmbeddedMongo    : {"t":{"$date":"2026-08-04T22:50:25.375+05:30"},"s":"I",  "c":"INDEX",    "id":20345,   "ctx":"LogicalSessionCacheRefresh","msg":"Index build: done building","attr":{"buildUUID":null,"collectionUUID":{"uuid":{"$uuid":"0b8068f4-0f5f-44cd-aa3c-7d80d9565651"}},"namespace":"config.system.sessions","index":"_id_","ident":"index-5-8719311288445492985","collectionIdent":"collection-4-8719311288445492985","commitTimestamp":null}}
2026-08-04T22:50:25.375+05:30  INFO 55446 --- [ecommerce-product-service] [       Thread-2] d.f.e.m.s.autoconfigure.EmbeddedMongo    : {"t":{"$date":"2026-08-04T22:50:25.375+05:30"},"s":"I",  "c":"INDEX",    "id":20345,   "ctx":"LogicalSessionCacheRefresh","msg":"Index build: done building","attr":{"buildUUID":null,"collectionUUID":{"uuid":{"$uuid":"0b8068f4-0f5f-44cd-aa3c-7d80d9565651"}},"namespace":"config.system.sessions","index":"lsidTTLIndex","ident":"index-6-8719311288445492985","collectionIdent":"collection-4-8719311288445492985","commitTimestamp":null}}
2026-08-04T22:50:25.443+05:30  INFO 55446 --- [ecommerce-product-service] [           main] org.mongodb.driver.client                : MongoClient with metadata {"driver": {"name": "mongo-java-driver|sync|spring-boot", "version": "5.0.1"}, "os": {"type": "Darwin", "name": "Mac OS X", "architecture": "aarch64", "version": "14.5"}, "platform": "Java/Homebrew/26.0.1"} created with settings MongoClientSettings{readPreference=primary, writeConcern=WriteConcern{w=null, wTimeout=null ms, journal=null}, retryWrites=true, retryReads=true, readConcern=ReadConcern{level=null}, credential=null, transportSettings=null, commandListeners=[io.micrometer.core.instrument.binder.mongodb.MongoMetricsCommandListener@5f0677f3], codecRegistry=ProvidersCodecRegistry{codecProviders=[ValueCodecProvider{}, BsonValueCodecProvider{}, DBRefCodecProvider{}, DBObjectCodecProvider{}, DocumentCodecProvider{}, CollectionCodecProvider{}, IterableCodecProvider{}, MapCodecProvider{}, GeoJsonCodecProvider{}, GridFSFileCodecProvider{}, Jsr310CodecProvider{}, JsonObjectCodecProvider{}, BsonCodecProvider{}, EnumCodecProvider{}, com.mongodb.client.model.mql.ExpressionCodecProvider@9d99851, com.mongodb.Jep395RecordCodecProvider@4cd7d5e1, com.mongodb.KotlinCodecProvider@2ae3235e]}, loggerSettings=LoggerSettings{maxDocumentLength=1000}, clusterSettings={hosts=[localhost:55235], srvServiceName=mongodb, mode=SINGLE, requiredClusterType=UNKNOWN, requiredReplicaSetName='null', serverSelector='null', clusterListeners='[]', serverSelectionTimeout='30000 ms', localThreshold='15 ms'}, socketSettings=SocketSettings{connectTimeoutMS=10000, readTimeoutMS=0, receiveBufferSize=0, proxySettings=ProxySettings{host=null, port=null, username=null, password=null}}, heartbeatSocketSettings=SocketSettings{connectTimeoutMS=10000, readTimeoutMS=10000, receiveBufferSize=0, proxySettings=ProxySettings{host=null, port=null, username=null, password=null}}, connectionPoolSettings=ConnectionPoolSettings{maxSize=100, minSize=0, maxWaitTimeMS=120000, maxConnectionLifeTimeMS=0, maxConnectionIdleTimeMS=0, maintenanceInitialDelayMS=0, maintenanceFrequencyMS=60000, connectionPoolListeners=[io.micrometer.core.instrument.binder.mongodb.MongoMetricsConnectionPoolListener@46b6701e], maxConnecting=2}, serverSettings=ServerSettings{heartbeatFrequencyMS=10000, minHeartbeatFrequencyMS=500, serverListeners='[]', serverMonitorListeners='[]'}, sslSettings=SslSettings{enabled=false, invalidHostNameAllowed=false, context=null}, applicationName='null', compressorList=[], uuidRepresentation=JAVA_LEGACY, serverApi=null, autoEncryptionSettings=null, dnsClient=null, inetAddressResolver=null, contextProvider=null}
2026-08-04T22:50:25.445+05:30  INFO 55446 --- [ecommerce-product-service] [       Thread-2] d.f.e.m.s.autoconfigure.EmbeddedMongo    : {"t":{"$date":"2026-08-04T22:50:25.442+05:30"},"s":"I",  "c":"NETWORK",  "id":22943,   "ctx":"listener","msg":"Connection accepted","attr":{"remote":"127.0.0.1:55240","uuid":{"uuid":{"$uuid":"510c25e0-d49f-4745-bc88-ac9766f82b4a"}},"connectionId":1,"connectionCount":1}}
2026-08-04T22:50:25.445+05:30  INFO 55446 --- [ecommerce-product-service] [       Thread-2] d.f.e.m.s.autoconfigure.EmbeddedMongo    : {"t":{"$date":"2026-08-04T22:50:25.442+05:30"},"s":"I",  "c":"NETWORK",  "id":22943,   "ctx":"listener","msg":"Connection accepted","attr":{"remote":"127.0.0.1:55241","uuid":{"uuid":{"$uuid":"f023ac1b-7b05-4ac0-b839-064d6ee1bede"}},"connectionId":2,"connectionCount":2}}
2026-08-04T22:50:25.449+05:30  INFO 55446 --- [ecommerce-product-service] [       Thread-2] d.f.e.m.s.autoconfigure.EmbeddedMongo    : {"t":{"$date":"2026-08-04T22:50:25.449+05:30"},"s":"I",  "c":"NETWORK",  "id":51800,   "ctx":"conn2","msg":"client metadata","attr":{"remote":"127.0.0.1:55241","client":"conn2","doc":{"driver":{"name":"mongo-java-driver|sync|spring-boot","version":"5.0.1"},"os":{"type":"Darwin","name":"Mac OS X","architecture":"aarch64","version":"14.5"},"platform":"Java/Homebrew/26.0.1"}}}
2026-08-04T22:50:25.450+05:30  INFO 55446 --- [ecommerce-product-service] [       Thread-2] d.f.e.m.s.autoconfigure.EmbeddedMongo    : {"t":{"$date":"2026-08-04T22:50:25.449+05:30"},"s":"I",  "c":"NETWORK",  "id":51800,   "ctx":"conn1","msg":"client metadata","attr":{"remote":"127.0.0.1:55240","client":"conn1","doc":{"driver":{"name":"mongo-java-driver|sync|spring-boot","version":"5.0.1"},"os":{"type":"Darwin","name":"Mac OS X","architecture":"aarch64","version":"14.5"},"platform":"Java/Homebrew/26.0.1"}}}
2026-08-04T22:50:25.457+05:30  INFO 55446 --- [ecommerce-product-service] [localhost:55235] org.mongodb.driver.cluster               : Monitor thread successfully connected to server with description ServerDescription{address=localhost:55235, type=STANDALONE, state=CONNECTED, ok=true, minWireVersion=0, maxWireVersion=21, maxDocumentSize=16777216, logicalSessionTimeoutMinutes=30, roundTripTimeNanos=13787625}
2026-08-04T22:50:25.964+05:30  INFO 55446 --- [ecommerce-product-service] [           main] o.s.b.a.e.web.EndpointLinksResolver      : Exposing 2 endpoints beneath base path '/actuator'
2026-08-04T22:50:25.995+05:30  INFO 55446 --- [ecommerce-product-service] [           main] c.n.e.EcommerceProductApplicationTests   : Started EcommerceProductApplicationTests in 2.665 seconds (process running for 3.108)
]]></system-out>
    <system-err><![CDATA[WARNING: A Java agent has been loaded dynamically (/Users/rajasekharmolleti/.m2/repository/net/bytebuddy/byte-buddy-agent/1.14.18/byte-buddy-agent-1.14.18.jar)
WARNING: If a serviceability tool is in use, please run with -XX:+EnableDynamicAgentLoading to hide this warning
WARNING: If a serviceability tool is not in use, please run with -Djdk.instrument.traceUsage for more information
WARNING: Dynamic loading of agents will be disallowed by default in a future release
]]></system-err>
  </testcase>
</testsuite>